Performing C SOURCE FILE Test CMAKE_HAVE_LIBC_PTHREAD failed with the following output:
Change Dir: /data/home/alex/mst/cugraph/python/cugraph/_skbuild/linux-x86_64-3.9/cmake-build/CMakeFiles/CMakeScratch/TryCompile-j1CR9P

Run Build Command(s):/home/waf13/anaconda3/envs/cugraph_dev/bin/ninja cmTC_28264 && [1/2] Building C object CMakeFiles/cmTC_28264.dir/src.c.o
[2/2] Linking C executable cmTC_28264
FAILED: cmTC_28264 
: && /home/waf13/anaconda3/envs/cugraph_dev/bin/x86_64-conda-linux-gnu-cc -march=nocona -mtune=haswell -ftree-vectorize -fPIC -fstack-protector-strong -fno-plt -O2 -ffunction-sections -pipe -isystem /home/waf13/anaconda3/envs/cugraph_dev/include -Wl,-O2 -Wl,--sort-common -Wl,--as-needed -Wl,-z,relro -Wl,-z,now -Wl,--disable-new-dtags -Wl,--gc-sections -Wl,--allow-shlib-undefined -Wl,-rpath,/home/waf13/anaconda3/envs/cugraph_dev/lib -Wl,-rpath-link,/home/waf13/anaconda3/envs/cugraph_dev/lib -L/home/waf13/anaconda3/envs/cugraph_dev/lib CMakeFiles/cmTC_28264.dir/src.c.o -o cmTC_28264   && :
/home/waf13/anaconda3/envs/cugraph_dev/bin/../lib/gcc/x86_64-conda-linux-gnu/10.4.0/../../../../x86_64-conda-linux-gnu/bin/ld: CMakeFiles/cmTC_28264.dir/src.c.o: in function `main':
src.c:(.text.startup.main+0x24): undefined reference to `pthread_create'
/home/waf13/anaconda3/envs/cugraph_dev/bin/../lib/gcc/x86_64-conda-linux-gnu/10.4.0/../../../../x86_64-conda-linux-gnu/bin/ld: src.c:(.text.startup.main+0x2e): undefined reference to `pthread_detach'
/home/waf13/anaconda3/envs/cugraph_dev/bin/../lib/gcc/x86_64-conda-linux-gnu/10.4.0/../../../../x86_64-conda-linux-gnu/bin/ld: src.c:(.text.startup.main+0x38): undefined reference to `pthread_cancel'
/home/waf13/anaconda3/envs/cugraph_dev/bin/../lib/gcc/x86_64-conda-linux-gnu/10.4.0/../../../../x86_64-conda-linux-gnu/bin/ld: src.c:(.text.startup.main+0x44): undefined reference to `pthread_join'
/home/waf13/anaconda3/envs/cugraph_dev/bin/../lib/gcc/x86_64-conda-linux-gnu/10.4.0/../../../../x86_64-conda-linux-gnu/bin/ld: src.c:(.text.startup.main+0x50): undefined reference to `pthread_atfork'
collect2: error: ld returned 1 exit status
ninja: build stopped: subcommand failed.


Source file was:
#include <pthread.h>

static void* test_func(void* data)
{
  return data;
}

int main(void)
{
  pthread_t thread;
  pthread_create(&thread, NULL, test_func, NULL);
  pthread_detach(thread);
  pthread_cancel(thread);
  pthread_join(thread, NULL);
  pthread_atfork(NULL, NULL, NULL);
  pthread_exit(NULL);

  return 0;
}


Determining if the function pthread_create exists in the pthreads failed with the following output:
Change Dir: /data/home/alex/mst/cugraph/python/cugraph/_skbuild/linux-x86_64-3.9/cmake-build/CMakeFiles/CMakeScratch/TryCompile-vhIJVJ

Run Build Command(s):/home/waf13/anaconda3/envs/cugraph_dev/bin/ninja cmTC_a7589 && [1/2] Building C object CMakeFiles/cmTC_a7589.dir/CheckFunctionExists.c.o
[2/2] Linking C executable cmTC_a7589
FAILED: cmTC_a7589 
: && /home/waf13/anaconda3/envs/cugraph_dev/bin/x86_64-conda-linux-gnu-cc -march=nocona -mtune=haswell -ftree-vectorize -fPIC -fstack-protector-strong -fno-plt -O2 -ffunction-sections -pipe -isystem /home/waf13/anaconda3/envs/cugraph_dev/include -DCHECK_FUNCTION_EXISTS=pthread_create -Wl,-O2 -Wl,--sort-common -Wl,--as-needed -Wl,-z,relro -Wl,-z,now -Wl,--disable-new-dtags -Wl,--gc-sections -Wl,--allow-shlib-undefined -Wl,-rpath,/home/waf13/anaconda3/envs/cugraph_dev/lib -Wl,-rpath-link,/home/waf13/anaconda3/envs/cugraph_dev/lib -L/home/waf13/anaconda3/envs/cugraph_dev/lib CMakeFiles/cmTC_a7589.dir/CheckFunctionExists.c.o -o cmTC_a7589  -lpthreads && :
/home/waf13/anaconda3/envs/cugraph_dev/bin/../lib/gcc/x86_64-conda-linux-gnu/10.4.0/../../../../x86_64-conda-linux-gnu/bin/ld: cannot find -lpthreads: No such file or directory
collect2: error: ld returned 1 exit status
ninja: build stopped: subcommand failed.



